2021-05-20 11:43:17.589  INFO 194530 --- [restartedMain] o.s.b.w.embedded.tomcat.TomcatWebServer  : Tomcat initialized with port(s): 9090 (http)
2021-05-20 11:43:17.598  INFO 194530 --- [restartedMain] o.apache.catalina.core.StandardService   : Starting service [Tomcat]
2021-05-20 11:43:17.598  INFO 194530 --- [restartedMain] org.apache.catalina.core.StandardEngine  : Starting Servlet engine: [Apache Tomcat/9.0.45]
2021-05-20 11:43:17.665  INFO 194530 --- [restartedMain] o.a.c.c.C.[.[localhost].[/ShopmeAdmin]   : Initializing Spring embedded WebApplicationContext
2021-05-20 11:43:17.665  INFO 194530 --- [restartedMain] w.s.c.ServletWebServerApplicationContext : Root WebApplicationContext: initialization completed in 1389 ms
2021-05-20 11:43:17.808  INFO 194530 --- [restartedMain] o.hibernate.jpa.internal.util.LogHelper  : HHH000204: Processing PersistenceUnitInfo [name: default]
2021-05-20 11:43:17.842  INFO 194530 --- [restartedMain] org.hibernate.Version                    : HHH000412: Hibernate ORM core version 5.4.30.Final
2021-05-20 11:43:17.929  INFO 194530 --- [restartedMain] o.hibernate.annotations.common.Version   : HCANN000001: Hibernate Commons Annotations {5.1.2.Final}
2021-05-20 11:43:18.006  INFO 194530 --- [restartedMain] com.zaxxer.hikari.HikariDataSource       : HikariPool-1 - Starting...
2021-05-20 11:43:18.228  INFO 194530 --- [restartedMain] com.zaxxer.hikari.HikariDataSource       : HikariPool-1 - Start completed.
2021-05-20 11:43:18.241  INFO 194530 --- [restartedMain] org.hibernate.dialect.Dialect            : HHH000400: Using dialect: org.hibernate.dialect.MySQL8Dialect
2021-05-20 11:43:18.820  INFO 194530 --- [restartedMain] o.h.e.t.j.p.i.JtaPlatformInitiator       : HHH000490: Using JtaPlatform implementation: [org.hibernate.engine.transaction.jta.platform.internal.NoJtaPlatform]
2021-05-20 11:43:18.827  INFO 194530 --- [restartedMain] j.LocalContainerEntityManagerFactoryBean : Initialized JPA EntityManagerFactory for persistence unit 'default'
2021-05-20 11:43:18.851  INFO 194530 --- [restartedMain] o.s.b.d.a.OptionalLiveReloadServer       : LiveReload server is running on port 35729
2021-05-20 11:43:18.891  WARN 194530 --- [restartedMain] JpaBaseConfiguration$JpaWebConfiguration : spring.jpa.open-in-view is enabled by default. Therefore, database queries may be performed during view rendering. Explicitly configure spring.jpa.open-in-view to disable this warning
2021-05-20 11:43:19.473  INFO 194530 --- [restartedMain] o.s.s.web.DefaultSecurityFilterChain     : Will secure Ant [pattern='/images/**'] with []
2021-05-20 11:43:19.473  INFO 194530 --- [restartedMain] o.s.s.web.DefaultSecurityFilterChain     : Will secure Ant [pattern='/js/**'] with []
2021-05-20 11:43:19.473  INFO 194530 --- [restartedMain] o.s.s.web.DefaultSecurityFilterChain     : Will secure Ant [pattern='/webjars/**'] with []
2021-05-20 11:43:19.502  INFO 194530 --- [restartedMain] o.s.s.web.DefaultSecurityFilterChain     : Will secure any request with [org.springframework.security.web.context.request.async.WebAsyncManagerIntegrationFilter@72e3ea34, org.springframework.security.web.context.SecurityContextPersistenceFilter@437c5157, org.springframework.security.web.header.HeaderWriterFilter@594b0ad2, org.springframework.security.web.csrf.CsrfFilter@75100c58, org.springframework.security.web.authentication.logout.LogoutFilter@5d2898c4, org.springframework.security.web.authentication.UsernamePasswordAuthenticationFilter@1a400c41, org.springframework.security.web.savedrequest.RequestCacheAwareFilter@7eff9205, org.springframework.security.web.servletapi.SecurityContextHolderAwareRequestFilter@2f38dc4, org.springframework.security.web.authentication.rememberme.RememberMeAuthenticationFilter@2bdfdcc2, org.springframework.security.web.authentication.AnonymousAuthenticationFilter@1942e5ad, org.springframework.security.web.session.SessionManagementFilter@7d25a4a1, org.springframework.security.web.access.ExceptionTranslationFilter@7de3b102, org.springframework.security.web.access.intercept.FilterSecurityInterceptor@4c9c6f0e]
2021-05-20 11:43:19.585  INFO 194530 --- [restartedMain] o.s.s.concurrent.ThreadPoolTaskExecutor  : Initializing ExecutorService 'applicationTaskExecutor'
2021-05-20 11:43:19.636  INFO 194530 --- [restartedMain] o.s.b.a.w.s.WelcomePageHandlerMapping    : Adding welcome page template: index
2021-05-20 11:43:19.993  INFO 194530 --- [restartedMain] o.s.b.w.embedded.tomcat.TomcatWebServer  : Tomcat started on port(s): 9090 (http) with context path '/ShopmeAdmin'
2021-05-20 11:43:20.002  INFO 194530 --- [restartedMain] c.shopme.admin.ShopmeBackendApplication  : Started ShopmeBackendApplication in 4.194 seconds (JVM running for 4.843)
2021-05-20 12:05:39.394  INFO 194530 --- [Thread-4] o.s.s.concurrent.ThreadPoolTaskExecutor  : Shutting down ExecutorService 'applicationTaskExecutor'
2021-05-20 12:05:39.396  INFO 194530 --- [Thread-4] j.LocalContainerEntityManagerFactoryBean : Closing JPA EntityManagerFactory for persistence unit 'default'
2021-05-20 12:05:39.401  INFO 194530 --- [Thread-4] com.zaxxer.hikari.HikariDataSource       : HikariPool-1 - Shutdown initiated...
2021-05-20 12:05:39.414  INFO 194530 --- [Thread-4] com.zaxxer.hikari.HikariDataSource       : HikariPool-1 - Shutdown completed.
2021-05-20 12:05:39.570  INFO 194530 --- [restartedMain] c.shopme.admin.ShopmeBackendApplication  : Starting ShopmeBackendApplication using Java 11.0.11 on pop-os with PID 194530 (/home/placidmasvidal/git/repositories/ShopmeProject/ShopmeWebParent/ShopmeBackend/target/classes started by placidmasvidal in /home/placidmasvidal/git/repositories/ShopmeProject/ShopmeWebParent/ShopmeBackend)
2021-05-20 12:05:39.571  INFO 194530 --- [restartedMain] c.shopme.admin.ShopmeBackendApplication  : No active profile set, falling back to default profiles: default
2021-05-20 12:05:39.825  INFO 194530 --- [restartedMain] .s.d.r.c.RepositoryConfigurationDelegate : Bootstrapping Spring Data JPA repositories in DEFAULT mode.
2021-05-20 12:05:39.847  INFO 194530 --- [restartedMain] .s.d.r.c.RepositoryConfigurationDelegate : Finished Spring Data repository scanning in 21 ms. Found 2 JPA repository interfaces.
2021-05-20 12:05:40.171  INFO 194530 --- [restartedMain] o.s.b.w.embedded.tomcat.TomcatWebServer  : Tomcat initialized with port(s): 9090 (http)
2021-05-20 12:05:40.172  INFO 194530 --- [restartedMain] o.apache.catalina.core.StandardService   : Starting service [Tomcat]
2021-05-20 12:05:40.173  INFO 194530 --- [restartedMain] org.apache.catalina.core.StandardEngine  : Starting Servlet engine: [Apache Tomcat/9.0.45]
2021-05-20 12:05:40.196  INFO 194530 --- [restartedMain] o.a.c.c.C.[.[localhost].[/ShopmeAdmin]   : Initializing Spring embedded WebApplicationContext
2021-05-20 12:05:40.196  INFO 194530 --- [restartedMain] w.s.c.ServletWebServerApplicationContext : Root WebApplicationContext: initialization completed in 616 ms
2021-05-20 12:05:40.273  INFO 194530 --- [restartedMain] o.hibernate.jpa.internal.util.LogHelper  : HHH000204: Processing PersistenceUnitInfo [name: default]
2021-05-20 12:05:40.284  INFO 194530 --- [restartedMain] com.zaxxer.hikari.HikariDataSource       : HikariPool-2 - Starting...
2021-05-20 12:05:40.305  INFO 194530 --- [restartedMain] com.zaxxer.hikari.HikariDataSource       : HikariPool-2 - Start completed.
2021-05-20 12:05:40.306  INFO 194530 --- [restartedMain] org.hibernate.dialect.Dialect            : HHH000400: Using dialect: org.hibernate.dialect.MySQL8Dialect
2021-05-20 12:05:40.398  INFO 194530 --- [restartedMain] o.h.e.t.j.p.i.JtaPlatformInitiator       : HHH000490: Using JtaPlatform implementation: [org.hibernate.engine.transaction.jta.platform.internal.NoJtaPlatform]
2021-05-20 12:05:40.398  INFO 194530 --- [restartedMain] j.LocalContainerEntityManagerFactoryBean : Initialized JPA EntityManagerFactory for persistence unit 'default'
2021-05-20 12:05:40.420  INFO 194530 --- [restartedMain] o.s.b.d.a.OptionalLiveReloadServer       : LiveReload server is running on port 35729
2021-05-20 12:05:40.461  WARN 194530 --- [restartedMain] JpaBaseConfiguration$JpaWebConfiguration : spring.jpa.open-in-view is enabled by default. Therefore, database queries may be performed during view rendering. Explicitly configure spring.jpa.open-in-view to disable this warning
2021-05-20 12:05:40.660  INFO 194530 --- [restartedMain] o.s.s.web.DefaultSecurityFilterChain     : Will secure Ant [pattern='/images/**'] with []
2021-05-20 12:05:40.660  INFO 194530 --- [restartedMain] o.s.s.web.DefaultSecurityFilterChain     : Will secure Ant [pattern='/js/**'] with []
2021-05-20 12:05:40.661  INFO 194530 --- [restartedMain] o.s.s.web.DefaultSecurityFilterChain     : Will secure Ant [pattern='/webjars/**'] with []
2021-05-20 12:05:40.674  INFO 194530 --- [restartedMain] o.s.s.web.DefaultSecurityFilterChain     : Will secure any request with [org.springframework.security.web.context.request.async.WebAsyncManagerIntegrationFilter@6b21f087, org.springframework.security.web.context.SecurityContextPersistenceFilter@31c9f368, org.springframework.security.web.header.HeaderWriterFilter@5d3f39ad, org.springframework.security.web.csrf.CsrfFilter@4c37fcba, org.springframework.security.web.authentication.logout.LogoutFilter@59604638, org.springframework.security.web.authentication.UsernamePasswordAuthenticationFilter@1a637dde, org.springframework.security.web.savedrequest.RequestCacheAwareFilter@15ddc52, org.springframework.security.web.servletapi.SecurityContextHolderAwareRequestFilter@250b7f85, org.springframework.security.web.authentication.rememberme.RememberMeAuthenticationFilter@83e4858, org.springframework.security.web.authentication.AnonymousAuthenticationFilter@1ee4c5c9, org.springframework.security.web.session.SessionManagementFilter@426805b3, org.springframework.security.web.access.ExceptionTranslationFilter@7748fd8e, org.springframework.security.web.access.intercept.FilterSecurityInterceptor@5df508b2]
2021-05-20 12:05:40.757  INFO 194530 --- [restartedMain] o.s.s.concurrent.ThreadPoolTaskExecutor  : Initializing ExecutorService 'applicationTaskExecutor'
2021-05-20 12:05:40.792  INFO 194530 --- [restartedMain] o.s.b.a.w.s.WelcomePageHandlerMapping    : Adding welcome page template: index
2021-05-20 12:05:41.558  INFO 194530 --- [restartedMain] o.s.b.w.embedded.tomcat.TomcatWebServer  : Tomcat started on port(s): 9090 (http) with context path '/ShopmeAdmin'
2021-05-20 12:05:41.570  INFO 194530 --- [restartedMain] c.shopme.admin.ShopmeBackendApplication  : Started ShopmeBackendApplication in 2.056 seconds (JVM running for 1346.41)
2021-05-20 12:05:41.573  INFO 194530 --- [restartedMain] .ConditionEvaluationDeltaLoggingListener : Condition evaluation unchanged
2021-05-20 12:05:42.922  INFO 194530 --- [Thread-8] o.s.s.concurrent.ThreadPoolTaskExecutor  : Shutting down ExecutorService 'applicationTaskExecutor'
2021-05-20 12:05:42.924  INFO 194530 --- [Thread-8] j.LocalContainerEntityManagerFactoryBean : Closing JPA EntityManagerFactory for persistence unit 'default'
2021-05-20 12:05:42.925  INFO 194530 --- [Thread-8] com.zaxxer.hikari.HikariDataSource       : HikariPool-2 - Shutdown initiated...
2021-05-20 12:05:42.934  INFO 194530 --- [Thread-8] com.zaxxer.hikari.HikariDataSource       : HikariPool-2 - Shutdown completed.
2021-05-20 12:05:43.065  INFO 194530 --- [restartedMain] c.shopme.admin.ShopmeBackendApplication  : Starting ShopmeBackendApplication using Java 11.0.11 on pop-os with PID 194530 (/home/placidmasvidal/git/repositories/ShopmeProject/ShopmeWebParent/ShopmeBackend/target/classes started by placidmasvidal in /home/placidmasvidal/git/repositories/ShopmeProject/ShopmeWebParent/ShopmeBackend)
2021-05-20 12:05:43.066  INFO 194530 --- [restartedMain] c.shopme.admin.ShopmeBackendApplication  : No active profile set, falling back to default profiles: default
2021-05-20 12:05:43.301  INFO 194530 --- [restartedMain] .s.d.r.c.RepositoryConfigurationDelegate : Bootstrapping Spring Data JPA repositories in DEFAULT mode.
2021-05-20 12:05:43.321  INFO 194530 --- [restartedMain] .s.d.r.c.RepositoryConfigurationDelegate : Finished Spring Data repository scanning in 18 ms. Found 2 JPA repository interfaces.
2021-05-20 12:05:43.569  INFO 194530 --- [restartedMain] o.s.b.w.embedded.tomcat.TomcatWebServer  : Tomcat initialized with port(s): 9090 (http)
2021-05-20 12:05:43.570  INFO 194530 --- [restartedMain] o.apache.catalina.core.StandardService   : Starting service [Tomcat]
2021-05-20 12:05:43.570  INFO 194530 --- [restartedMain] org.apache.catalina.core.StandardEngine  : Starting Servlet engine: [Apache Tomcat/9.0.45]
2021-05-20 12:05:43.587  INFO 194530 --- [restartedMain] o.a.c.c.C.[.[localhost].[/ShopmeAdmin]   : Initializing Spring embedded WebApplicationContext
2021-05-20 12:05:43.588  INFO 194530 --- [restartedMain] w.s.c.ServletWebServerApplicationContext : Root WebApplicationContext: initialization completed in 516 ms
2021-05-20 12:05:43.638  INFO 194530 --- [restartedMain] o.hibernate.jpa.internal.util.LogHelper  : HHH000204: Processing PersistenceUnitInfo [name: default]
2021-05-20 12:05:43.648  INFO 194530 --- [restartedMain] com.zaxxer.hikari.HikariDataSource       : HikariPool-3 - Starting...
2021-05-20 12:05:43.675  INFO 194530 --- [restartedMain] com.zaxxer.hikari.HikariDataSource       : HikariPool-3 - Start completed.
2021-05-20 12:05:43.676  INFO 194530 --- [restartedMain] org.hibernate.dialect.Dialect            : HHH000400: Using dialect: org.hibernate.dialect.MySQL8Dialect
2021-05-20 12:05:43.757  INFO 194530 --- [restartedMain] o.h.e.t.j.p.i.JtaPlatformInitiator       : HHH000490: Using JtaPlatform implementation: [org.hibernate.engine.transaction.jta.platform.internal.NoJtaPlatform]
2021-05-20 12:05:43.757  INFO 194530 --- [restartedMain] j.LocalContainerEntityManagerFactoryBean : Initialized JPA EntityManagerFactory for persistence unit 'default'
2021-05-20 12:05:43.769  INFO 194530 --- [restartedMain] o.s.b.d.a.OptionalLiveReloadServer       : LiveReload server is running on port 35729
2021-05-20 12:05:43.801  WARN 194530 --- [restartedMain] JpaBaseConfiguration$JpaWebConfiguration : spring.jpa.open-in-view is enabled by default. Therefore, database queries may be performed during view rendering. Explicitly configure spring.jpa.open-in-view to disable this warning
2021-05-20 12:05:43.910  INFO 194530 --- [restartedMain] o.s.s.web.DefaultSecurityFilterChain     : Will secure Ant [pattern='/images/**'] with []
2021-05-20 12:05:43.910  INFO 194530 --- [restartedMain] o.s.s.web.DefaultSecurityFilterChain     : Will secure Ant [pattern='/js/**'] with []
2021-05-20 12:05:43.911  INFO 194530 --- [restartedMain] o.s.s.web.DefaultSecurityFilterChain     : Will secure Ant [pattern='/webjars/**'] with []
2021-05-20 12:05:43.921  INFO 194530 --- [restartedMain] o.s.s.web.DefaultSecurityFilterChain     : Will secure any request with [org.springframework.security.web.context.request.async.WebAsyncManagerIntegrationFilter@688fac02, org.springframework.security.web.context.SecurityContextPersistenceFilter@26245f41, org.springframework.security.web.header.HeaderWriterFilter@594522c8, org.springframework.security.web.csrf.CsrfFilter@3aaf5699, org.springframework.security.web.authentication.logout.LogoutFilter@62f2e656, org.springframework.security.web.authentication.UsernamePasswordAuthenticationFilter@677ae331, org.springframework.security.web.savedrequest.RequestCacheAwareFilter@ed889bc, org.springframework.security.web.servletapi.SecurityContextHolderAwareRequestFilter@7efba9cd, org.springframework.security.web.authentication.rememberme.RememberMeAuthenticationFilter@79abdf2a, org.springframework.security.web.authentication.AnonymousAuthenticationFilter@1cdad3de, org.springframework.security.web.session.SessionManagementFilter@66ffc699, org.springframework.security.web.access.ExceptionTranslationFilter@23a17ebf, org.springframework.security.web.access.intercept.FilterSecurityInterceptor@1dbd338e]
2021-05-20 12:05:43.983  INFO 194530 --- [restartedMain] o.s.s.concurrent.ThreadPoolTaskExecutor  : Initializing ExecutorService 'applicationTaskExecutor'
2021-05-20 12:05:44.010  INFO 194530 --- [restartedMain] o.s.b.a.w.s.WelcomePageHandlerMapping    : Adding welcome page template: index
2021-05-20 12:05:44.492  INFO 194530 --- [restartedMain] o.s.b.w.embedded.tomcat.TomcatWebServer  : Tomcat started on port(s): 9090 (http) with context path '/ShopmeAdmin'
2021-05-20 12:05:44.497  INFO 194530 --- [restartedMain] c.shopme.admin.ShopmeBackendApplication  : Started ShopmeBackendApplication in 1.48 seconds (JVM running for 1349.338)
2021-05-20 12:05:44.499  INFO 194530 --- [restartedMain] .ConditionEvaluationDeltaLoggingListener : Condition evaluation unchanged
2021-05-20 12:05:46.493  INFO 194530 --- [SpringContextShutdownHook] o.s.s.concurrent.ThreadPoolTaskExecutor  : Shutting down ExecutorService 'applicationTaskExecutor'
2021-05-20 12:05:46.494  INFO 194530 --- [SpringContextShutdownHook] j.LocalContainerEntityManagerFactoryBean : Closing JPA EntityManagerFactory for persistence unit 'default'
2021-05-20 12:05:46.495  INFO 194530 --- [SpringContextShutdownHook] com.zaxxer.hikari.HikariDataSource       : HikariPool-3 - Shutdown initiated...
2021-05-20 12:05:46.499  INFO 194530 --- [SpringContextShutdownHook] com.zaxxer.hikari.HikariDataSource       : HikariPool-3 - Shutdown completed.
